[2020-02-25 18:11:31,140] - log.py[line:36] - WARNING: =========================START=========================

[2020-02-25 18:11:31,141] - log.py[line:34] - DEBUG: 测试用例开始执行:test_submit_flow
[2020-02-25 18:11:40,269] - log.py[line:32] - INFO: open the default page: http://192.168.64.12:9000/pages/login.jsp
[2020-02-25 18:11:40,269] - log.py[line:34] - DEBUG: find elements:(css selector, #usernameInput)
[2020-02-25 18:11:40,317] - log.py[line:34] - DEBUG: execute javascript: arguments[0].focus();
[2020-02-25 18:11:40,326] - log.py[line:34] - DEBUG: execute javascript: arguments[0].setAttribute('style', 'border: 2px solid red;');
[2020-02-25 18:11:40,933] - log.py[line:32] - INFO: wait 0.500000 seconds
[2020-02-25 18:11:40,934] - log.py[line:32] - INFO: send keys to element: #usernameInput value: su1
[2020-02-25 18:11:40,935] - log.py[line:34] - DEBUG: find elements:(css selector, #passwordInput)
[2020-02-25 18:11:40,974] - log.py[line:34] - DEBUG: execute javascript: arguments[0].focus();
[2020-02-25 18:11:40,979] - log.py[line:34] - DEBUG: execute javascript: arguments[0].setAttribute('style', 'border: 2px solid red;');
[2020-02-25 18:11:41,538] - log.py[line:32] - INFO: wait 0.500000 seconds
[2020-02-25 18:11:41,540] - log.py[line:32] - INFO: send keys to element: #passwordInput value: 1
[2020-02-25 18:11:41,541] - log.py[line:34] - DEBUG: find elements:(css selector, #submitButton)
[2020-02-25 18:11:41,591] - log.py[line:34] - DEBUG: execute javascript: arguments[0].focus();
[2020-02-25 18:11:41,600] - log.py[line:34] - DEBUG: execute javascript: arguments[0].setAttribute('style', 'border: 2px solid red;');
[2020-02-25 18:11:42,101] - log.py[line:32] - INFO: wait 0.500000 seconds
[2020-02-25 18:11:42,159] - log.py[line:32] - INFO: click element: #submitButton
[2020-02-25 18:11:42,160] - log.py[line:34] - DEBUG: find elements:(css selector, #main)
[2020-02-25 18:11:43,314] - log.py[line:34] - DEBUG: execute javascript: arguments[0].focus();
[2020-02-25 18:11:43,318] - log.py[line:34] - DEBUG: execute javascript: arguments[0].setAttribute('style', 'border: 2px solid red;');
[2020-02-25 18:11:43,364] - log.py[line:32] - INFO: switch to frame: #main
[2020-02-25 18:11:43,364] - log.py[line:34] - DEBUG: find elements:(xpath, //*[text()='填写单据'])
[2020-02-25 18:11:43,393] - log.py[line:34] - DEBUG: execute javascript: arguments[0].focus();
[2020-02-25 18:11:43,397] - log.py[line:34] - DEBUG: execute javascript: arguments[0].setAttribute('style', 'border: 2px solid red;');
[2020-02-25 18:11:43,898] - log.py[line:32] - INFO: wait 0.500000 seconds
[2020-02-25 18:11:45,048] - log.py[line:32] - INFO: click element: 填写单据
[2020-02-25 18:11:45,049] - log.py[line:34] - DEBUG: find elements:(css selector, #formTree)
[2020-02-25 18:11:45,079] - log.py[line:34] - DEBUG: execute javascript: arguments[0].focus();
[2020-02-25 18:11:45,083] - log.py[line:34] - DEBUG: execute javascript: arguments[0].setAttribute('style', 'border: 2px solid red;');
[2020-02-25 18:11:45,113] - log.py[line:32] - INFO: switch to frame: #formTree
[2020-02-25 18:11:45,114] - log.py[line:34] - DEBUG: find elements:(xpath, //*[text()='201-差旅申请单-行程明细合并'])
[2020-02-25 18:11:45,183] - log.py[line:34] - DEBUG: execute javascript: arguments[0].focus();
[2020-02-25 18:11:45,203] - log.py[line:34] - DEBUG: execute javascript: arguments[0].setAttribute('style', 'border: 2px solid red;');
[2020-02-25 18:11:45,703] - log.py[line:32] - INFO: wait 0.500000 seconds
[2020-02-25 18:11:48,849] - log.py[line:32] - INFO: click element: 201-差旅申请单-行程明细合并
[2020-02-25 18:11:48,898] - log.py[line:32] - INFO: switch to parent frame.
[2020-02-25 18:11:48,898] - log.py[line:34] - DEBUG: find elements:(css selector, #formContent)
[2020-02-25 18:11:48,934] - log.py[line:34] - DEBUG: execute javascript: arguments[0].focus();
[2020-02-25 18:11:48,947] - log.py[line:34] - DEBUG: execute javascript: arguments[0].setAttribute('style', 'border: 2px solid red;');
[2020-02-25 18:11:49,001] - log.py[line:32] - INFO: switch to frame: #formContent
[2020-02-25 18:11:49,001] - log.py[line:34] - DEBUG: find elements:(css selector, #addtravelbuttonid)
[2020-02-25 18:11:50,561] - log.py[line:34] - DEBUG: execute javascript: arguments[0].focus();
[2020-02-25 18:11:50,565] - log.py[line:34] - DEBUG: execute javascript: arguments[0].setAttribute('style', 'border: 2px solid red;');
[2020-02-25 18:11:51,066] - log.py[line:32] - INFO: wait 0.500000 seconds
[2020-02-25 18:11:51,683] - log.py[line:34] - DEBUG: execute javascript: arguments[0].click();
[2020-02-25 18:11:51,683] - log.py[line:32] - INFO: click error Message: element not visible
  (Session info: chrome=79.0.3945.130)
  (Driver info: chromedriver=2.38.552522 (437e6fbedfa8762dec75e2c5b3ddb86763dc9dcb),platform=Windows NT 10.0.18362 x86_64)
.
[2020-02-25 18:11:51,683] - log.py[line:32] - INFO: click element: #addtravelbuttonid
[2020-02-25 18:11:53,685] - log.py[line:32] - INFO: wait 2.000000 seconds
[2020-02-25 18:11:53,729] - log.py[line:32] - INFO: switch to parent frame.
[2020-02-25 18:11:53,733] - log.py[line:32] - INFO: switch to parent frame.
[2020-02-25 18:11:53,734] - log.py[line:34] - DEBUG: find elements:(css selector, #jd_iframe)
[2020-02-25 18:11:53,759] - log.py[line:34] - DEBUG: execute javascript: arguments[0].focus();
[2020-02-25 18:11:53,777] - log.py[line:32] - INFO: switch to frame: #jd_iframe
[2020-02-25 18:11:53,777] - log.py[line:34] - DEBUG: find elements:(xpath, //*[text()='出发地'])
[2020-02-25 18:12:04,630] - log.py[line:38] - ERROR: find elements:(xpath, //*[text()='出发地']) error, info: Message: target frame detached
  (Session info: chrome=79.0.3945.130)
  (Driver info: chromedriver=2.38.552522 (437e6fbedfa8762dec75e2c5b3ddb86763dc9dcb),platform=Windows NT 10.0.18362 x86_64)
.
